[Tue Apr 21 23:48:01 2015] ::1:55880 [200]: /
[Tue Apr 21 23:48:01 2015] ::1:55881 [200]: /favicon.ico
[Tue Apr 21 23:48:04 2015] ::1:55882 [302]: /home
[Tue Apr 21 23:48:04 2015] ::1:55886 [200]: /auth/login
[Tue Apr 21 23:48:04 2015] ::1:55887 [200]: /css/app.css
[Tue Apr 21 23:48:06 2015] ::1:55896 [200]: /favicon.ico
[Tue Apr 21 23:48:09 2015] ::1:55897 [200]: /auth/register
[Tue Apr 21 23:48:09 2015] ::1:55898 [200]: /css/app.css
[Tue Apr 21 23:48:09 2015] ::1:55899 [200]: /favicon.ico
[Tue Apr 21 23:48:19 2015] ::1:55900 [500]: /auth/register
[Tue Apr 21 23:48:19 2015] ::1:55901 [200]: /favicon.ico
[Wed Apr 22 00:13:40 2015] ::1:56490 [302]: /auth/register
[Wed Apr 22 00:13:40 2015] ::1:56491 [200]: /home
[Wed Apr 22 00:13:40 2015] ::1:56492 [200]: /css/app.css
[Wed Apr 22 00:13:43 2015] ::1:56493 [200]: /favicon.ico
[Wed Apr 22 21:45:52 2015] ::1:50006 [302]: /home
[Wed Apr 22 21:45:52 2015] ::1:50007 [200]: /auth/login
[Wed Apr 22 21:45:52 2015] ::1:50008 [200]: /css/app.css
[Wed Apr 22 21:45:52 2015] ::1:50012 [200]: /favicon.ico
[Wed Apr 22 21:48:35 2015] ::1:50065 [200]: /
[Wed Apr 22 21:48:35 2015] ::1:50068 [200]: /favicon.ico
[Wed Apr 22 21:48:38 2015] ::1:50069 [200]: /
[Wed Apr 22 21:48:38 2015] ::1:50074 [200]: /favicon.ico
[Wed Apr 22 21:48:54 2015] ::1:50075 Invalid request (Unexpected EOF)
